<?xml version="1.0" encoding="UTF-8"?>
<!-- Generated by org.testng.reporters.JUnitXMLReporter -->
<testsuite hostname="DESKTOP-ONBI019" ignored="0" name="Test" tests="4" failures="0" timestamp="2020-10-24T22:04:35 PKT" time="30.275" errors="0">
  <testcase name="@BeforeTest intialize" time="13.386" classname="Acadmy.E2EProjects.validateTitle">
    <failure type="org.openqa.selenium.SessionNotCreatedException" message="session not created
from chrome not reachable
  (Session info: chrome=86.0.4240.111)
Build info: version: &amp;apos;3.141.59&amp;apos;, revision: &amp;apos;e82be7d358&amp;apos;, time: &amp;apos;2018-11-14T08:17:03&amp;apos;
System info: host: &amp;apos;DESKTOP-ONBI019&amp;apos;, ip: &amp;apos;192.168.137.1&amp;apos;, os.name: &amp;apos;Windows 10&amp;apos;, os.arch: &amp;apos;amd64&amp;apos;, os.version: &amp;apos;10.0&amp;apos;, java.version: &amp;apos;1.8.0_241&amp;apos;
Driver info: driver.version: ChromeDriver
remote stacktrace: Backtrace:
	Ordinal0 [0x011FD383+3134339]
	Ordinal0 [0x010EA171+2007409]
	Ordinal0 [0x00F8AD90+568720]
	Ordinal0 [0x00F81364+529252]
	Ordinal0 [0x00F819FC+530940]
	Ordinal0 [0x00F82C15+535573]
	Ordinal0 [0x00F7DFC5+516037]
	Ordinal0 [0x00F8BF70+573296]
	Ordinal0 [0x00F31916+203030]
	Ordinal0 [0x00F30C1D+199709]
	Ordinal0 [0x00F2EB0B+191243]
	Ordinal0 [0x00F12E77+77431]
	Ordinal0 [0x00F13E3E+81470]
	Ordinal0 [0x00F13DC9+81353]
	Ordinal0 [0x01100CD9+2100441]
	GetHandleVerifier [0x0136B75A+1396954]
	GetHandleVerifier [0x0136B3D9+1396057]
	GetHandleVerifier [0x01377126+1444518]
	GetHandleVerifier [0x0136BCE8+1398376]
	Ordinal0 [0x010F7F51+2064209]
	Ordinal0 [0x011022EB+2106091]
	Ordinal0 [0x01102411+2106385]
	Ordinal0 [0x011149C4+2181572]
	BaseThreadInitThunk [0x74A56359+25]
	RtlGetAppContainerNamedObjectPath [0x76F27C24+228]
	RtlGetAppContainerNamedObjectPath [0x76F27BF4+180]
">
      <![CDATA[org.openqa.selenium.SessionNotCreatedException: session not created
from chrome not reachable
  (Session info: chrome=86.0.4240.111)
Build info: version: '3.141.59', revision: 'e82be7d358', time: '2018-11-14T08:17:03'
System info: host: 'DESKTOP-ONBI019', ip: '192.168.137.1', os.name: 'Windows 10', os.arch: 'amd64', os.version: '10.0', java.version: '1.8.0_241'
Driver info: driver.version: ChromeDriver
remote stacktrace: Backtrace:
Ordinal0 [0x011FD383+3134339]
Ordinal0 [0x010EA171+2007409]
Ordinal0 [0x00F8AD90+568720]
Ordinal0 [0x00F81364+529252]
Ordinal0 [0x00F819FC+530940]
Ordinal0 [0x00F82C15+535573]
Ordinal0 [0x00F7DFC5+516037]
Ordinal0 [0x00F8BF70+573296]
Ordinal0 [0x00F31916+203030]
Ordinal0 [0x00F30C1D+199709]
Ordinal0 [0x00F2EB0B+191243]
Ordinal0 [0x00F12E77+77431]
Ordinal0 [0x00F13E3E+81470]
Ordinal0 [0x00F13DC9+81353]
Ordinal0 [0x01100CD9+2100441]
GetHandleVerifier [0x0136B75A+1396954]
GetHandleVerifier [0x0136B3D9+1396057]
GetHandleVerifier [0x01377126+1444518]
GetHandleVerifier [0x0136BCE8+1398376]
Ordinal0 [0x010F7F51+2064209]
Ordinal0 [0x011022EB+2106091]
Ordinal0 [0x01102411+2106385]
Ordinal0 [0x011149C4+2181572]
BaseThreadInitThunk [0x74A56359+25]
RtlGetAppContainerNamedObjectPath [0x76F27C24+228]
RtlGetAppContainerNamedObjectPath [0x76F27BF4+180]

at org.openqa.selenium.remote.W3CHandshakeResponse.lambda$errorHandler$0(W3CHandshakeResponse.java:62)
at org.openqa.selenium.remote.HandshakeResponse.lambda$getResponseFunction$0(HandshakeResponse.java:30)
at org.openqa.selenium.remote.ProtocolHandshake.lambda$createSession$0(ProtocolHandshake.java:126)
at java.util.stream.ReferencePipeline$3$1.accept(Unknown Source)
at java.util.Spliterators$ArraySpliterator.tryAdvance(Unknown Source)
at java.util.stream.ReferencePipeline.forEachWithCancel(Unknown Source)
at java.util.stream.AbstractPipeline.copyIntoWithCancel(Unknown Source)
at java.util.stream.AbstractPipeline.copyInto(Unknown Source)
at java.util.stream.AbstractPipeline.wrapAndCopyInto(Unknown Source)
at java.util.stream.FindOps$FindOp.evaluateSequential(Unknown Source)
at java.util.stream.AbstractPipeline.evaluate(Unknown Source)
at java.util.stream.ReferencePipeline.findFirst(Unknown Source)
at org.openqa.selenium.remote.ProtocolHandshake.createSession(ProtocolHandshake.java:128)
at org.openqa.selenium.remote.ProtocolHandshake.createSession(ProtocolHandshake.java:74)
at org.openqa.selenium.remote.HttpCommandExecutor.execute(HttpCommandExecutor.java:136)
at org.openqa.selenium.remote.service.DriverCommandExecutor.execute(DriverCommandExecutor.java:83)
at org.openqa.selenium.remote.RemoteWebDriver.execute(RemoteWebDriver.java:552)
at org.openqa.selenium.remote.RemoteWebDriver.startSession(RemoteWebDriver.java:213)
at org.openqa.selenium.remote.RemoteWebDriver.<init>(RemoteWebDriver.java:131)
at org.openqa.selenium.chrome.ChromeDriver.<init>(ChromeDriver.java:181)
at org.openqa.selenium.chrome.ChromeDriver.<init>(ChromeDriver.java:168)
at org.openqa.selenium.chrome.ChromeDriver.<init>(ChromeDriver.java:123)
at resources.base.intializeDriver(base.java:30)
at Acadmy.E2EProjects.validateTitle.intialize(validateTitle.java:22)
... Removed 28 stack frames]]>
    </failure>
  </testcase> <!-- @BeforeTest intialize -->
  <testcase name="@AfterTest turndown" time="-1.603559075748E9" classname="Acadmy.E2EProjects.HomePage">
    <skipped/>
  </testcase> <!-- @AfterTest turndown -->
  <testcase name="@AfterTest turndown" time="-1.60355907575E9" classname="Acadmy.E2EProjects.validateNavigation">
    <skipped/>
  </testcase> <!-- @AfterTest turndown -->
  <testcase name="@AfterTest turndown" time="-1.603559075753E9" classname="Acadmy.E2EProjects.validateTitle">
    <skipped/>
  </testcase> <!-- @AfterTest turndown -->
  <testcase name="basePageNavigation" time="0.001" classname="Acadmy.E2EProjects.HomePage">
    <skipped/>
  </testcase> <!-- basePageNavigation -->
  <testcase name="basePageNavigation" time="0.0" classname="Acadmy.E2EProjects.HomePage">
    <skipped/>
  </testcase> <!-- basePageNavigation -->
  <testcase name="basePageNavigation" time="0.0" classname="Acadmy.E2EProjects.validateTitle">
    <skipped/>
  </testcase> <!-- basePageNavigation -->
  <testcase name="basePageNavigation" time="0.0" classname="Acadmy.E2EProjects.validateNavigation">
    <skipped/>
  </testcase> <!-- basePageNavigation -->
</testsuite> <!-- Test -->
