<?xml version="1.0" encoding="UTF-8"?>
<!-- Generated by org.testng.reporters.JUnitXMLReporter -->
<testsuite hostname="DESKTOP-ONBI019" ignored="0" name="Validating User Login" tests="2" failures="2" timestamp="2021-08-11T13:00:14 PKT" time="5.541" errors="0">
  <testcase name="feature" time="4.784" classname="cucumber.api.testng.AbstractTestNGCucumberTests">
    <failure type="cucumber.runtime.CucumberException" message="org.openqa.selenium.SessionNotCreatedException: session not created: This version of ChromeDriver only supports Chrome version 90
Current browser version is 92.0.4515.131 with binary path C:\Program Files (x86)\Google\Chrome\Application\chrome.exe
Build info: version: &amp;apos;3.141.59&amp;apos;, revision: &amp;apos;e82be7d358&amp;apos;, time: &amp;apos;2018-11-14T08:17:03&amp;apos;
System info: host: &amp;apos;DESKTOP-ONBI019&amp;apos;, ip: &amp;apos;192.168.224.1&amp;apos;, os.name: &amp;apos;Windows 10&amp;apos;, os.arch: &amp;apos;amd64&amp;apos;, os.version: &amp;apos;10.0&amp;apos;, java.version: &amp;apos;1.8.0_241&amp;apos;
Driver info: driver.version: ChromeDriver
remote stacktrace: Backtrace:
	Ordinal0 [0x003DC013+2474003]
	Ordinal0 [0x003729C1+2042305]
	Ordinal0 [0x00282F68+1060712]
	Ordinal0 [0x002A188E+1185934]
	Ordinal0 [0x0029D600+1168896]
	Ordinal0 [0x0029AA83+1157763]
	Ordinal0 [0x002CA2A2+1352354]
	Ordinal0 [0x002C8FAA+1347498]
	Ordinal0 [0x002C66DB+1337051]
	Ordinal0 [0x002A3427+1192999]
	Ordinal0 [0x002A42EE+1196782]
	Ordinal0 [0x002A4279+1196665]
	GetHandleVerifier [0x005696FC+1590332]
	GetHandleVerifier [0x00618614+2306900]
	GetHandleVerifier [0x00469E93+543699]
	GetHandleVerifier [0x004692CE+540686]
	Ordinal0 [0x003786BA+2066106]
	Ordinal0 [0x0037D1C8+2085320]
	Ordinal0 [0x0037D308+2085640]
	Ordinal0 [0x003867F3+2123763]
	BaseThreadInitThunk [0x7630FA29+25]
	RtlGetAppContainerNamedObjectPath [0x77DB7A7E+286]
	RtlGetAppContainerNamedObjectPath [0x77DB7A4E+238]
">
      <![CDATA[cucumber.runtime.CucumberException: org.openqa.selenium.SessionNotCreatedException: session not created: This version of ChromeDriver only supports Chrome version 90
Current browser version is 92.0.4515.131 with binary path C:\Program Files (x86)\Google\Chrome\Application\chrome.exe
Build info: version: '3.141.59', revision: 'e82be7d358', time: '2018-11-14T08:17:03'
System info: host: 'DESKTOP-ONBI019', ip: '192.168.224.1', os.name: 'Windows 10', os.arch: 'amd64', os.version: '10.0', java.version: '1.8.0_241'
Driver info: driver.version: ChromeDriver
remote stacktrace: Backtrace:
Ordinal0 [0x003DC013+2474003]
Ordinal0 [0x003729C1+2042305]
Ordinal0 [0x00282F68+1060712]
Ordinal0 [0x002A188E+1185934]
Ordinal0 [0x0029D600+1168896]
Ordinal0 [0x0029AA83+1157763]
Ordinal0 [0x002CA2A2+1352354]
Ordinal0 [0x002C8FAA+1347498]
Ordinal0 [0x002C66DB+1337051]
Ordinal0 [0x002A3427+1192999]
Ordinal0 [0x002A42EE+1196782]
Ordinal0 [0x002A4279+1196665]
GetHandleVerifier [0x005696FC+1590332]
GetHandleVerifier [0x00618614+2306900]
GetHandleVerifier [0x00469E93+543699]
GetHandleVerifier [0x004692CE+540686]
Ordinal0 [0x003786BA+2066106]
Ordinal0 [0x0037D1C8+2085320]
Ordinal0 [0x0037D308+2085640]
Ordinal0 [0x003867F3+2123763]
BaseThreadInitThunk [0x7630FA29+25]
RtlGetAppContainerNamedObjectPath [0x77DB7A7E+286]
RtlGetAppContainerNamedObjectPath [0x77DB7A4E+238]

at cucumber.api.testng.TestNGCucumberRunner.runCucumber(TestNGCucumberRunner.java:69)
at cucumber.api.testng.AbstractTestNGCucumberTests.feature(AbstractTestNGCucumberTests.java:21)
at java.util.ArrayList.forEach(Unknown Source)
at java.util.concurrent.FutureTask.run(Unknown Source)
at java.util.concurrent.ThreadPoolExecutor.runWorker(Unknown Source)
at java.util.concurrent.ThreadPoolExecutor$Worker.run(Unknown Source)
at java.lang.Thread.run(Unknown Source)
Caused by: org.openqa.selenium.SessionNotCreatedException: session not created: This version of ChromeDriver only supports Chrome version 90
Current browser version is 92.0.4515.131 with binary path C:\Program Files (x86)\Google\Chrome\Application\chrome.exe
Build info: version: '3.141.59', revision: 'e82be7d358', time: '2018-11-14T08:17:03'
System info: host: 'DESKTOP-ONBI019', ip: '192.168.224.1', os.name: 'Windows 10', os.arch: 'amd64', os.version: '10.0', java.version: '1.8.0_241'
Driver info: driver.version: ChromeDriver
remote stacktrace: Backtrace:
Ordinal0 [0x003DC013+2474003]
Ordinal0 [0x003729C1+2042305]
Ordinal0 [0x00282F68+1060712]
Ordinal0 [0x002A188E+1185934]
Ordinal0 [0x0029D600+1168896]
Ordinal0 [0x0029AA83+1157763]
Ordinal0 [0x002CA2A2+1352354]
Ordinal0 [0x002C8FAA+1347498]
Ordinal0 [0x002C66DB+1337051]
Ordinal0 [0x002A3427+1192999]
Ordinal0 [0x002A42EE+1196782]
Ordinal0 [0x002A4279+1196665]
GetHandleVerifier [0x005696FC+1590332]
GetHandleVerifier [0x00618614+2306900]
GetHandleVerifier [0x00469E93+543699]
GetHandleVerifier [0x004692CE+540686]
Ordinal0 [0x003786BA+2066106]
Ordinal0 [0x0037D1C8+2085320]
Ordinal0 [0x0037D308+2085640]
Ordinal0 [0x003867F3+2123763]
BaseThreadInitThunk [0x7630FA29+25]
RtlGetAppContainerNamedObjectPath [0x77DB7A7E+286]
RtlGetAppContainerNamedObjectPath [0x77DB7A4E+238]

at org.openqa.selenium.remote.W3CHandshakeResponse.lambda$errorHandler$0(W3CHandshakeResponse.java:62)
at org.openqa.selenium.remote.HandshakeResponse.lambda$getResponseFunction$0(HandshakeResponse.java:30)
at org.openqa.selenium.remote.ProtocolHandshake.lambda$createSession$0(ProtocolHandshake.java:126)
at java.util.stream.ReferencePipeline$3$1.accept(Unknown Source)
at java.util.Spliterators$ArraySpliterator.tryAdvance(Unknown Source)
at java.util.stream.ReferencePipeline.forEachWithCancel(Unknown Source)
at java.util.stream.AbstractPipeline.copyIntoWithCancel(Unknown Source)
at java.util.stream.AbstractPipeline.copyInto(Unknown Source)
at java.util.stream.AbstractPipeline.wrapAndCopyInto(Unknown Source)
at java.util.stream.FindOps$FindOp.evaluateSequential(Unknown Source)
at java.util.stream.AbstractPipeline.evaluate(Unknown Source)
at java.util.stream.ReferencePipeline.findFirst(Unknown Source)
at org.openqa.selenium.remote.ProtocolHandshake.createSession(ProtocolHandshake.java:128)
at org.openqa.selenium.remote.ProtocolHandshake.createSession(ProtocolHandshake.java:74)
at org.openqa.selenium.remote.HttpCommandExecutor.execute(HttpCommandExecutor.java:136)
at org.openqa.selenium.remote.service.DriverCommandExecutor.execute(DriverCommandExecutor.java:83)
at org.openqa.selenium.remote.RemoteWebDriver.execute(RemoteWebDriver.java:552)
at org.openqa.selenium.remote.RemoteWebDriver.startSession(RemoteWebDriver.java:213)
at org.openqa.selenium.remote.RemoteWebDriver.<init>(RemoteWebDriver.java:131)
at org.openqa.selenium.chrome.ChromeDriver.<init>(ChromeDriver.java:181)
at org.openqa.selenium.chrome.ChromeDriver.<init>(ChromeDriver.java:168)
at org.openqa.selenium.chrome.ChromeDriver.<init>(ChromeDriver.java:157)
at resources.base.intializeDriver(base.java:49)
at stepDefinitions.stepDefinition.intial_the_browser_with_chrome(stepDefinition.java:26)
at âœ½.Given Intial the browser with chrome(src/test/java/features/login.feature:4)
... Removed 22 stack frames]]>
    </failure>
  </testcase> <!-- feature -->
  <testcase name="feature" time="5.045" classname="cucumber.api.testng.AbstractTestNGCucumberTests">
    <failure type="java.lang.NullPointerException">
      <![CDATA[java.lang.NullPointerException
at resources.base.getScreenshotPath(base.java:79)
at Acadmy.E2EProjects.Listeners.onTestFailure(Listeners.java:51)
at java.util.ArrayList.forEach(Unknown Source)
at java.util.concurrent.FutureTask.run(Unknown Source)
at java.util.concurrent.ThreadPoolExecutor.runWorker(Unknown Source)
at java.util.concurrent.ThreadPoolExecutor$Worker.run(Unknown Source)
at java.lang.Thread.run(Unknown Source)
... Removed 15 stack frames]]>
    </failure>
  </testcase> <!-- feature -->
</testsuite> <!-- Validating User Login -->
